app/build/intermediates/manifest_merge_blame_file/debug/manifest-merger-blame-debug-report.txt
1<?xml version="1.0" encoding="utf-8"?>
2<manifest xmlns:android="http://schemas.android.com/apk/res/android"
3    package="com.fansan.picdatemodify"
4    android:versionCode="4"
5    android:versionName="1.3" >
6
7    <uses-sdk
8        android:minSdkVersion="29"
8-->src/main/AndroidManifest.xml
9        android:targetSdkVersion="33" />
9-->src/main/AndroidManifest.xml
10
11    <uses-permission
11-->src/main/AndroidManifest.xml:5:5-7:11
12        android:name="android.permission.READ_EXTERNAL_STORAGE"
12-->src/main/AndroidManifest.xml:5:22-77
13        android:maxSdkVersion="32" />
13-->src/main/AndroidManifest.xml:6:13-39
14    <uses-permission android:name="android.permission.READ_MEDIA_IMAGES" />
14-->src/main/AndroidManifest.xml:9:5-75
14-->src/main/AndroidManifest.xml:9:22-73
15    <uses-permission android:name="android.permission.READ_MEDIA_VIDEO" />
15-->src/main/AndroidManifest.xml:10:5-74
15-->src/main/AndroidManifest.xml:10:22-72
16    <uses-permission android:name="android.permission.ACCESS_MEDIA_LOCATION" />
16-->src/main/AndroidManifest.xml:11:5-79
16-->src/main/AndroidManifest.xml:11:22-77
17
18    <application
18-->src/main/AndroidManifest.xml:13:5-40:19
19        android:name="com.fansan.picdatemodify.MyApplication"
19-->src/main/AndroidManifest.xml:14:9-38
20        android:allowBackup="true"
20-->src/main/AndroidManifest.xml:15:9-35
21        android:appComponentFactory="androidx.core.app.CoreComponentFactory"
21-->[androidx.core:core:1.8.0] AndroidManifest.xml:24:18-86
22        android:dataExtractionRules="@xml/data_extraction_rules"
22-->src/main/AndroidManifest.xml:16:9-65
23        android:debuggable="true"
24        android:extractNativeLibs="false"
25        android:fullBackupContent="@xml/backup_rules"
25-->src/main/AndroidManifest.xml:17:9-54
26        android:icon="@mipmap/ic_launcher"
26-->src/main/AndroidManifest.xml:18:9-43
27        android:label="@string/app_name"
27-->src/main/AndroidManifest.xml:20:9-41
28        android:requestLegacyExternalStorage="true"
28-->src/main/AndroidManifest.xml:19:9-52
29        android:roundIcon="@mipmap/ic_launcher"
29-->src/main/AndroidManifest.xml:21:9-48
30        android:supportsRtl="true"
30-->src/main/AndroidManifest.xml:22:9-35
31        android:testOnly="true"
32        android:theme="@style/Theme.ExifFIX" >
32-->src/main/AndroidManifest.xml:23:9-45
33        <activity
33-->src/main/AndroidManifest.xml:25:9-39:20
34            android:name="com.fansan.picdatemodify.MainActivity"
34-->src/main/AndroidManifest.xml:26:13-41
35            android:exported="true"
35-->src/main/AndroidManifest.xml:27:13-36
36            android:screenOrientation="portrait"
36-->src/main/AndroidManifest.xml:28:13-49
37            android:theme="@style/Theme.ExifFIX" >
37-->src/main/AndroidManifest.xml:29:13-49
38            <intent-filter>
38-->src/main/AndroidManifest.xml:30:13-34:29
39                <action android:name="android.intent.action.MAIN" />
39-->src/main/AndroidManifest.xml:31:17-69
39-->src/main/AndroidManifest.xml:31:25-66
40
41                <category android:name="android.intent.category.LAUNCHER" />
41-->src/main/AndroidManifest.xml:33:17-77
41-->src/main/AndroidManifest.xml:33:27-74
42            </intent-filter>
43
44            <meta-data
44-->src/main/AndroidManifest.xml:36:13-38:36
45                android:name="android.app.lib_name"
45-->src/main/AndroidManifest.xml:37:17-52
46                android:value="" />
46-->src/main/AndroidManifest.xml:38:17-33
47        </activity>
48        <activity
48-->[androidx.compose.ui:ui-tooling:1.3.2] AndroidManifest.xml:23:9-25:39
49            android:name="androidx.compose.ui.tooling.PreviewActivity"
49-->[androidx.compose.ui:ui-tooling:1.3.2] AndroidManifest.xml:24:13-71
50            android:exported="true" />
50-->[androidx.compose.ui:ui-tooling:1.3.2] AndroidManifest.xml:25:13-36
51        <activity
51-->[androidx.compose.ui:ui-test-manifest:1.3.2] AndroidManifest.xml:23:9-25:39
52            android:name="androidx.activity.ComponentActivity"
52-->[androidx.compose.ui:ui-test-manifest:1.3.2] AndroidManifest.xml:24:13-63
53            android:exported="true" />
53-->[androidx.compose.ui:ui-test-manifest:1.3.2] AndroidManifest.xml:25:13-36
54
55        <provider
55-->[androidx.emoji2:emoji2:1.0.0] AndroidManifest.xml:26:9-34:20
56            android:name="androidx.startup.InitializationProvider"
56-->[androidx.emoji2:emoji2:1.0.0] AndroidManifest.xml:27:13-67
57            android:authorities="com.fansan.picdatemodify.androidx-startup"
57-->[androidx.emoji2:emoji2:1.0.0] AndroidManifest.xml:28:13-68
58            android:exported="false" >
58-->[androidx.emoji2:emoji2:1.0.0] AndroidManifest.xml:29:13-37
59            <meta-data
59-->[androidx.emoji2:emoji2:1.0.0] AndroidManifest.xml:31:13-33:52
60                android:name="androidx.emoji2.text.EmojiCompatInitializer"
60-->[androidx.emoji2:emoji2:1.0.0] AndroidManifest.xml:32:17-75
61                android:value="androidx.startup" />
61-->[androidx.emoji2:emoji2:1.0.0] AndroidManifest.xml:33:17-49
62            <meta-data
62-->[androidx.lifecycle:lifecycle-process:2.4.0] AndroidManifest.xml:31:13-33:52
63                android:name="androidx.lifecycle.ProcessLifecycleInitializer"
63-->[androidx.lifecycle:lifecycle-process:2.4.0] AndroidManifest.xml:32:17-78
64                android:value="androidx.startup" />
64-->[androidx.lifecycle:lifecycle-process:2.4.0] AndroidManifest.xml:33:17-49
65            <meta-data
65-->[androidx.profileinstaller:profileinstaller:1.2.0] AndroidManifest.xml:30:13-32:52
66                android:name="androidx.profileinstaller.ProfileInstallerInitializer"
66-->[androidx.profileinstaller:profileinstaller:1.2.0] AndroidManifest.xml:31:17-85
67                android:value="androidx.startup" />
67-->[androidx.profileinstaller:profileinstaller:1.2.0] AndroidManifest.xml:32:17-49
68        </provider>
69
70        <activity
70-->[com.blankj:utilcodex:1.30.6] AndroidManifest.xml:10:9-14:75
71            android:name="com.blankj.utilcode.util.UtilsTransActivity4MainProcess"
71-->[com.blankj:utilcodex:1.30.6] AndroidManifest.xml:11:13-83
72            android:configChanges="orientation|keyboardHidden|screenSize"
72-->[com.blankj:utilcodex:1.30.6] AndroidManifest.xml:12:13-74
73            android:theme="@style/ActivityTranslucent"
73-->[com.blankj:utilcodex:1.30.6] AndroidManifest.xml:13:13-55
74            android:windowSoftInputMode="stateHidden|stateAlwaysHidden" />
74-->[com.blankj:utilcodex:1.30.6] AndroidManifest.xml:14:13-72
75        <activity
75-->[com.blankj:utilcodex:1.30.6] AndroidManifest.xml:15:9-20:75
76            android:name="com.blankj.utilcode.util.UtilsTransActivity"
76-->[com.blankj:utilcodex:1.30.6] AndroidManifest.xml:16:13-71
77            android:configChanges="orientation|keyboardHidden|screenSize"
77-->[com.blankj:utilcodex:1.30.6] AndroidManifest.xml:17:13-74
78            android:multiprocess="true"
78-->[com.blankj:utilcodex:1.30.6] AndroidManifest.xml:18:13-40
79            android:theme="@style/ActivityTranslucent"
79-->[com.blankj:utilcodex:1.30.6] AndroidManifest.xml:19:13-55
80            android:windowSoftInputMode="stateHidden|stateAlwaysHidden" />
80-->[com.blankj:utilcodex:1.30.6] AndroidManifest.xml:20:13-72
81
82        <provider
82-->[com.blankj:utilcodex:1.30.6] AndroidManifest.xml:22:9-30:20
83            android:name="com.blankj.utilcode.util.UtilsFileProvider"
83-->[com.blankj:utilcodex:1.30.6] AndroidManifest.xml:23:13-70
84            android:authorities="com.fansan.picdatemodify.utilcode.fileprovider"
84-->[com.blankj:utilcodex:1.30.6] AndroidManifest.xml:24:13-73
85            android:exported="false"
85-->[com.blankj:utilcodex:1.30.6] AndroidManifest.xml:25:13-37
86            android:grantUriPermissions="true" >
86-->[com.blankj:utilcodex:1.30.6] AndroidManifest.xml:26:13-47
87            <meta-data
87-->[com.blankj:utilcodex:1.30.6] AndroidManifest.xml:27:13-29:68
88                android:name="android.support.FILE_PROVIDER_PATHS"
88-->[com.blankj:utilcodex:1.30.6] AndroidManifest.xml:28:17-67
89                android:resource="@xml/util_code_provider_paths" />
89-->[com.blankj:utilcodex:1.30.6] AndroidManifest.xml:29:17-65
90        </provider>
91
92        <service
92-->[com.blankj:utilcodex:1.30.6] AndroidManifest.xml:32:9-38:19
93            android:name="com.blankj.utilcode.util.MessengerUtils$ServerService"
93-->[com.blankj:utilcodex:1.30.6] AndroidManifest.xml:33:13-81
94            android:exported="false" >
94-->[com.blankj:utilcodex:1.30.6] AndroidManifest.xml:34:13-37
95            <intent-filter>
95-->[com.blankj:utilcodex:1.30.6] AndroidManifest.xml:35:13-37:29
96                <action android:name="com.fansan.picdatemodify.messenger" />
96-->[com.blankj:utilcodex:1.30.6] AndroidManifest.xml:36:17-69
96-->[com.blankj:utilcodex:1.30.6] AndroidManifest.xml:36:25-66
97            </intent-filter>
98        </service>
99
100        <receiver
100-->[androidx.profileinstaller:profileinstaller:1.2.0] AndroidManifest.xml:35:9-47:20
101            android:name="androidx.profileinstaller.ProfileInstallReceiver"
101-->[androidx.profileinstaller:profileinstaller:1.2.0] AndroidManifest.xml:36:13-76
102            android:directBootAware="false"
102-->[androidx.profileinstaller:profileinstaller:1.2.0] AndroidManifest.xml:37:13-44
103            android:enabled="true"
103-->[androidx.profileinstaller:profileinstaller:1.2.0] AndroidManifest.xml:38:13-35
104            android:exported="true"
104-->[androidx.profileinstaller:profileinstaller:1.2.0] AndroidManifest.xml:39:13-36
105            android:permission="android.permission.DUMP" >
105-->[androidx.profileinstaller:profileinstaller:1.2.0] AndroidManifest.xml:40:13-57
106            <intent-filter>
106-->[androidx.profileinstaller:profileinstaller:1.2.0] AndroidManifest.xml:41:13-43:29
107                <action android:name="androidx.profileinstaller.action.INSTALL_PROFILE" />
107-->[androidx.profileinstaller:profileinstaller:1.2.0] AndroidManifest.xml:42:17-91
107-->[androidx.profileinstaller:profileinstaller:1.2.0] AndroidManifest.xml:42:25-88
108            </intent-filter>
109            <intent-filter>
109-->[androidx.profileinstaller:profileinstaller:1.2.0] AndroidManifest.xml:44:13-46:29
110                <action android:name="androidx.profileinstaller.action.SKIP_FILE" />
110-->[androidx.profileinstaller:profileinstaller:1.2.0] AndroidManifest.xml:45:17-85
110-->[androidx.profileinstaller:profileinstaller:1.2.0] AndroidManifest.xml:45:25-82
111            </intent-filter>
112        </receiver>
113    </application>
114
115</manifest>